# JRE version: OpenJDK Runtime Environment (8.0_202) (build 1.8.0_202-release-1483-b49-5587405)
# Java VM: OpenJDK 64-Bit Server VM (25.202-b49-5587405 mixed mode linux-amd64 compressed oops)
Heap:
 PSYoungGen      total 486912K, used 19223K [0x00000000e0000000, 0x00000000fff80000, 0x0000000100000000)
  eden space 450048K, 0% used [0x00000000e0000000,0x00000000e0000000,0x00000000fb780000)
  from space 36864K, 52% used [0x00000000fdb80000,0x00000000fee45f38,0x00000000fff80000)
  to   space 36864K, 0% used [0x00000000fb780000,0x00000000fb780000,0x00000000fdb80000)
 ParOldGen       total 112640K, used 84018K [0x00000000a0000000, 0x00000000a6e00000, 0x00000000e0000000)
  object space 112640K, 74% used [0x00000000a0000000,0x00000000a520c8c8,0x00000000a6e00000)
 Metaspace       used 94469K, capacity 98520K, committed 98560K, reserved 1134592K
  class space    used 12175K, capacity 13027K, committed 13056K, reserved 1048576K
GC Heap History (10 events):
Event: 39.373 GC heap after
Heap after GC invocations=17 (full 3):
 PSYoungGen      total 342016K, used 28280K [0x00000000e0000000, 0x00000000f8880000, 0x0000000100000000)
  eden space 312832K, 0% used [0x00000000e0000000,0x00000000e0000000,0x00000000f3180000)
  from space 29184K, 96% used [0x00000000f5200000,0x00000000f6d9e090,0x00000000f6e80000)
  to   space 33280K, 0% used [0x00000000f3180000,0x00000000f3180000,0x00000000f5200000)
 ParOldGen       total 112640K, used 46600K [0x00000000a0000000, 0x00000000a6e00000, 0x00000000e0000000)
  object space 112640K, 41% used [0x00000000a0000000,0x00000000a2d82068,0x00000000a6e00000)
 Metaspace       used 72756K, capacity 75104K, committed 75264K, reserved 1114112K
  class space    used 9625K, capacity 10158K, committed 10240K, reserved 1048576K
}
Event: 44.122 GC heap before
{Heap before GC invocations=18 (full 3):
 PSYoungGen      total 342016K, used 341112K [0x00000000e0000000, 0x00000000f8880000, 0x0000000100000000)
  eden space 312832K, 100% used [0x00000000e0000000,0x00000000f3180000,0x00000000f3180000)
  from space 29184K, 96% used [0x00000000f5200000,0x00000000f6d9e090,0x00000000f6e80000)
  to   space 33280K, 0% used [0x00000000f3180000,0x00000000f3180000,0x00000000f5200000)
 ParOldGen       total 112640K, used 46600K [0x00000000a0000000, 0x00000000a6e00000, 0x00000000e0000000)
  object space 112640K, 41% used [0x00000000a0000000,0x00000000a2d82068,0x00000000a6e00000)
 Metaspace       used 77187K, capacity 79942K, committed 80128K, reserved 1118208K
  class space    used 10145K, capacity 10709K, committed 10752K, reserved 1048576K
Event: 44.232 GC heap after
Heap after GC invocations=18 (full 3):
 PSYoungGen      total 346112K, used 25188K [0x00000000e0000000, 0x00000000fe180000, 0x0000000100000000)
  eden space 312832K, 0% used [0x00000000e0000000,0x00000000e0000000,0x00000000f3180000)
  from space 33280K, 75% used [0x00000000f3180000,0x00000000f4a19030,0x00000000f5200000)
  to   space 35328K, 0% used [0x00000000fbf00000,0x00000000fbf00000,0x00000000fe180000)
 ParOldGen       total 112640K, used 68336K [0x00000000a0000000, 0x00000000a6e00000, 0x00000000e0000000)
  object space 112640K, 60% used [0x00000000a0000000,0x00000000a42bc228,0x00000000a6e00000)
 Metaspace       used 77187K, capacity 79942K, committed 80128K, reserved 1118208K
  class space    used 10145K, capacity 10709K, committed 10752K, reserved 1048576K
}
Event: 89.533 GC heap before
{Heap before GC invocations=19 (full 3):
 PSYoungGen      total 346112K, used 338020K [0x00000000e0000000, 0x00000000fe180000, 0x0000000100000000)
  eden space 312832K, 100% used [0x00000000e0000000,0x00000000f3180000,0x00000000f3180000)
  from space 33280K, 75% used [0x00000000f3180000,0x00000000f4a19030,0x00000000f5200000)
  to   space 35328K, 0% used [0x00000000fbf00000,0x00000000fbf00000,0x00000000fe180000)
 ParOldGen       total 112640K, used 68336K [0x00000000a0000000, 0x00000000a6e00000, 0x00000000e0000000)
  object space 112640K, 60% used [0x00000000a0000000,0x00000000a42bc228,0x00000000a6e00000)
 Metaspace       used 83587K, capacity 87034K, committed 87296K, reserved 1124352K
  class space    used 10779K, capacity 11471K, committed 11520K, reserved 1048576K
Event: 89.582 GC heap after
Heap after GC invocations=19 (full 3):
 PSYoungGen      total 435200K, used 23906K [0x00000000e0000000, 0x00000000fd800000, 0x0000000100000000)
  eden space 409600K, 0% used [0x00000000e0000000,0x00000000e0000000,0x00000000f9000000)
  from space 25600K, 93% used [0x00000000fbf00000,0x00000000fd658978,0x00000000fd800000)
  to   space 36864K, 0% used [0x00000000f9000000,0x00000000f9000000,0x00000000fb400000)
 ParOldGen       total 112640K, used 78406K [0x00000000a0000000, 0x00000000a6e00000, 0x00000000e0000000)
  object space 112640K, 69% used [0x00000000a0000000,0x00000000a4c91b60,0x00000000a6e00000)
 Metaspace       used 83587K, capacity 87034K, committed 87296K, reserved 1124352K
  class space    used 10779K, capacity 11471K, committed 11520K, reserved 1048576K
}
Event: 106.369 GC heap before
{Heap before GC invocations=20 (full 3):
 PSYoungGen      total 435200K, used 433506K [0x00000000e0000000, 0x00000000fd800000, 0x0000000100000000)
  eden space 409600K, 100% used [0x00000000e0000000,0x00000000f9000000,0x00000000f9000000)
  from space 25600K, 93% used [0x00000000fbf00000,0x00000000fd658978,0x00000000fd800000)
  to   space 36864K, 0% used [0x00000000f9000000,0x00000000f9000000,0x00000000fb400000)
 ParOldGen       total 112640K, used 78406K [0x00000000a0000000, 0x00000000a6e00000, 0x00000000e0000000)
  object space 112640K, 69% used [0x00000000a0000000,0x00000000a4c91b60,0x00000000a6e00000)
 Metaspace       used 83719K, capacity 87220K, committed 87296K, reserved 1124352K
  class space    used 10794K, capacity 11487K, committed 11520K, reserved 1048576K
Event: 106.380 GC heap after
Heap after GC invocations=20 (full 3):
 PSYoungGen      total 446464K, used 1120K [0x00000000e0000000, 0x0000000100000000, 0x0000000100000000)
  eden space 409600K, 0% used [0x00000000e0000000,0x00000000e0000000,0x00000000f9000000)
  from space 36864K, 3% used [0x00000000f9000000,0x00000000f9118000,0x00000000fb400000)
  to   space 37376K, 0% used [0x00000000fdb80000,0x00000000fdb80000,0x0000000100000000)
 ParOldGen       total 112640K, used 84010K [0x00000000a0000000, 0x00000000a6e00000, 0x00000000e0000000)
  object space 112640K, 74% used [0x00000000a0000000,0x00000000a520a8c8,0x00000000a6e00000)
 Metaspace       used 83719K, capacity 87220K, committed 87296K, reserved 1124352K
  class space    used 10794K, capacity 11487K, committed 11520K, reserved 1048576K
}
Event: 108.484 GC heap before
{Heap before GC invocations=21 (full 3):
 PSYoungGen      total 446464K, used 138823K [0x00000000e0000000, 0x0000000100000000, 0x0000000100000000)
  eden space 409600K, 33% used [0x00000000e0000000,0x00000000e8679cb8,0x00000000f9000000)
  from space 36864K, 3% used [0x00000000f9000000,0x00000000f9118000,0x00000000fb400000)
  to   space 37376K, 0% used [0x00000000fdb80000,0x00000000fdb80000,0x0000000100000000)
 ParOldGen       total 112640K, used 84010K [0x00000000a0000000, 0x00000000a6e00000, 0x00000000e0000000)
  object space 112640K, 74% used [0x00000000a0000000,0x00000000a520a8c8,0x00000000a6e00000)
 Metaspace       used 94469K, capacity 98520K, committed 98560K, reserved 1134592K
  class space    used 12175K, capacity 13027K, committed 13056K, reserved 1048576K
Event: 108.523 GC heap after
Heap after GC invocations=21 (full 3):
 PSYoungGen      total 486912K, used 19223K [0x00000000e0000000, 0x00000000fff80000, 0x0000000100000000)
  eden space 450048K, 0% used [0x00000000e0000000,0x00000000e0000000,0x00000000fb780000)
  from space 36864K, 52% used [0x00000000fdb80000,0x00000000fee45f38,0x00000000fff80000)
  to   space 36864K, 0% used [0x00000000fb780000,0x00000000fb780000,0x00000000fdb80000)
 ParOldGen       total 112640K, used 84018K [0x00000000a0000000, 0x00000000a6e00000, 0x00000000e0000000)
  object space 112640K, 74% used [0x00000000a0000000,0x00000000a520c8c8,0x00000000a6e00000)
 Metaspace       used 94469K, capacity 98520K, committed 98560K, reserved 1134592K
  class space    used 12175K, capacity 13027K, committed 13056K, reserved 1048576K
}
Event: 108.523 GC heap before
{Heap before GC invocations=22 (full 4):
 PSYoungGen      total 486912K, used 19223K [0x00000000e0000000, 0x00000000fff80000, 0x0000000100000000)
  eden space 450048K, 0% used [0x00000000e0000000,0x00000000e0000000,0x00000000fb780000)
  from space 36864K, 52% used [0x00000000fdb80000,0x00000000fee45f38,0x00000000fff80000)
  to   space 36864K, 0% used [0x00000000fb780000,0x00000000fb780000,0x00000000fdb80000)
 ParOldGen       total 112640K, used 84018K [0x00000000a0000000, 0x00000000a6e00000, 0x00000000e0000000)
  object space 112640K, 74% used [0x00000000a0000000,0x00000000a520c8c8,0x00000000a6e00000)
 Metaspace       used 94469K, capacity 98520K, committed 98560K, reserved 1134592K
  class space    used 12175K, capacity 13027K, committed 13056K, reserved 1048576K

